{"C:\\Users\\KIIT\\movie-api-sql\\server.js": {"path":"C:\\Users\\KIIT\\movie-api-sql\\server.js","statementMap":{"0":{"start":{"line":1,"column":0},"end":{"line":1,"column":27}},"1":{"start":{"line":2,"column":16},"end":{"line":2,"column":34}},"2":{"start":{"line":3,"column":14},"end":{"line":3,"column":31}},"3":{"start":{"line":4,"column":13},"end":{"line":4,"column":28}},"4":{"start":{"line":6,"column":12},"end":{"line":6,"column":21}},"5":{"start":{"line":9,"column":0},"end":{"line":9,"column":16}},"6":{"start":{"line":10,"column":0},"end":{"line":10,"column":24}},"7":{"start":{"line":11,"column":0},"end":{"line":11,"column":34}},"8":{"start":{"line":14,"column":11},"end":{"line":19,"column":2}},"9":{"start":{"line":21,"column":0},"end":{"line":24,"column":3}},"10":{"start":{"line":22,"column":2},"end":{"line":22,"column":21}},"11":{"start":{"line":22,"column":11},"end":{"line":22,"column":21}},"12":{"start":{"line":23,"column":2},"end":{"line":23,"column":35}},"13":{"start":{"line":27,"column":0},"end":{"line":27,"column":55}},"14":{"start":{"line":30,"column":13},"end":{"line":30,"column":37}},"15":{"start":{"line":32,"column":0},"end":{"line":34,"column":1}},"16":{"start":{"line":33,"column":2},"end":{"line":33,"column":75}},"17":{"start":{"line":33,"column":25},"end":{"line":33,"column":73}},"18":{"start":{"line":37,"column":0},"end":{"line":37,"column":21}}},"fnMap":{"0":{"name":"(anonymous_0)","decl":{"start":{"line":21,"column":11},"end":{"line":21,"column":12}},"loc":{"start":{"line":21,"column":20},"end":{"line":24,"column":1}},"line":21},"1":{"name":"(anonymous_1)","decl":{"start":{"line":33,"column":19},"end":{"line":33,"column":20}},"loc":{"start":{"line":33,"column":25},"end":{"line":33,"column":73}},"line":33}},"branchMap":{"0":{"loc":{"start":{"line":22,"column":2},"end":{"line":22,"column":21}},"type":"if","locations":[{"start":{"line":22,"column":2},"end":{"line":22,"column":21}},{"start":{},"end":{}}],"line":22},"1":{"loc":{"start":{"line":30,"column":13},"end":{"line":30,"column":37}},"type":"binary-expr","locations":[{"start":{"line":30,"column":13},"end":{"line":30,"column":29}},{"start":{"line":30,"column":33},"end":{"line":30,"column":37}}],"line":30},"2":{"loc":{"start":{"line":32,"column":0},"end":{"line":34,"column":1}},"type":"if","locations":[{"start":{"line":32,"column":0},"end":{"line":34,"column":1}},{"start":{},"end":{}}],"line":32}},"s":{"0":2,"1":2,"2":2,"3":2,"4":2,"5":2,"6":2,"7":2,"8":2,"9":2,"10":2,"11":0,"12":2,"13":2,"14":2,"15":2,"16":0,"17":0,"18":2},"f":{"0":2,"1":0},"b":{"0":[0,2],"1":[2,0],"2":[0,2]},"_coverageSchema":"1a1c01bbd47fc00a2c39e90264f33305004495a9","hash":"8898235f844162576816935e03516af2aaedcb8f"}
,"C:\\Users\\KIIT\\movie-api-sql\\routes\\movies.js": {"path":"C:\\Users\\KIIT\\movie-api-sql\\routes\\movies.js","statementMap":{"0":{"start":{"line":1,"column":16},"end":{"line":1,"column":34}},"1":{"start":{"line":5,"column":2},"end":{"line":13,"column":4}},"2":{"start":{"line":6,"column":4},"end":{"line":12,"column":7}},"3":{"start":{"line":7,"column":6},"end":{"line":10,"column":7}},"4":{"start":{"line":8,"column":8},"end":{"line":8,"column":42}},"5":{"start":{"line":9,"column":8},"end":{"line":9,"column":65}},"6":{"start":{"line":11,"column":6},"end":{"line":11,"column":24}},"7":{"start":{"line":17,"column":2},"end":{"line":27,"column":4}},"8":{"start":{"line":18,"column":57},"end":{"line":18,"column":65}},"9":{"start":{"line":19,"column":4},"end":{"line":26,"column":6}},"10":{"start":{"line":23,"column":8},"end":{"line":23,"column":61}},"11":{"start":{"line":23,"column":17},"end":{"line":23,"column":61}},"12":{"start":{"line":24,"column":8},"end":{"line":24,"column":78}},"13":{"start":{"line":31,"column":2},"end":{"line":46,"column":4}},"14":{"start":{"line":32,"column":57},"end":{"line":32,"column":65}},"15":{"start":{"line":33,"column":4},"end":{"line":45,"column":6}},"16":{"start":{"line":37,"column":8},"end":{"line":37,"column":74}},"17":{"start":{"line":37,"column":17},"end":{"line":37,"column":74}},"18":{"start":{"line":38,"column":8},"end":{"line":40,"column":1}},"19":{"start":{"line":39,"column":2},"end":{"line":39,"column":60}},"20":{"start":{"line":41,"column":0},"end":{"line":41,"column":51}},"21":{"start":{"line":50,"column":2},"end":{"line":62,"column":4}},"22":{"start":{"line":51,"column":19},"end":{"line":51,"column":29}},"23":{"start":{"line":52,"column":4},"end":{"line":61,"column":7}},"24":{"start":{"line":53,"column":6},"end":{"line":56,"column":7}},"25":{"start":{"line":54,"column":8},"end":{"line":54,"column":42}},"26":{"start":{"line":55,"column":8},"end":{"line":55,"column":65}},"27":{"start":{"line":57,"column":6},"end":{"line":59,"column":7}},"28":{"start":{"line":58,"column":8},"end":{"line":58,"column":66}},"29":{"start":{"line":60,"column":6},"end":{"line":60,"column":57}},"30":{"start":{"line":66,"column":2},"end":{"line":92,"column":4}},"31":{"start":{"line":67,"column":28},"end":{"line":67,"column":37}},"32":{"start":{"line":68,"column":16},"end":{"line":68,"column":38}},"33":{"start":{"line":69,"column":20},"end":{"line":69,"column":22}},"34":{"start":{"line":70,"column":19},"end":{"line":70,"column":21}},"35":{"start":{"line":72,"column":4},"end":{"line":75,"column":5}},"36":{"start":{"line":73,"column":6},"end":{"line":73,"column":31}},"37":{"start":{"line":74,"column":6},"end":{"line":74,"column":24}},"38":{"start":{"line":76,"column":4},"end":{"line":79,"column":5}},"39":{"start":{"line":77,"column":6},"end":{"line":77,"column":32}},"40":{"start":{"line":78,"column":6},"end":{"line":78,"column":25}},"41":{"start":{"line":81,"column":4},"end":{"line":83,"column":5}},"42":{"start":{"line":82,"column":6},"end":{"line":82,"column":49}},"43":{"start":{"line":85,"column":4},"end":{"line":85,"column":40}},"44":{"start":{"line":87,"column":4},"end":{"line":91,"column":7}},"45":{"start":{"line":88,"column":6},"end":{"line":88,"column":59}},"46":{"start":{"line":88,"column":15},"end":{"line":88,"column":59}},"47":{"start":{"line":89,"column":6},"end":{"line":89,"column":91}},"48":{"start":{"line":89,"column":32},"end":{"line":89,"column":91}},"49":{"start":{"line":90,"column":6},"end":{"line":90,"column":27}},"50":{"start":{"line":96,"column":0},"end":{"line":104,"column":2}},"51":{"start":{"line":97,"column":17},"end":{"line":97,"column":33}},"52":{"start":{"line":98,"column":2},"end":{"line":98,"column":36}},"53":{"start":{"line":99,"column":2},"end":{"line":99,"column":33}},"54":{"start":{"line":100,"column":2},"end":{"line":100,"column":38}},"55":{"start":{"line":101,"column":2},"end":{"line":101,"column":45}},"56":{"start":{"line":102,"column":2},"end":{"line":102,"column":47}},"57":{"start":{"line":103,"column":2},"end":{"line":103,"column":16}},"58":{"start":{"line":107,"column":0},"end":{"line":107,"column":43}},"59":{"start":{"line":108,"column":0},"end":{"line":108,"column":35}},"60":{"start":{"line":109,"column":0},"end":{"line":109,"column":41}},"61":{"start":{"line":110,"column":0},"end":{"line":110,"column":49}},"62":{"start":{"line":111,"column":0},"end":{"line":111,"column":47}}},"fnMap":{"0":{"name":"getAllMovies","decl":{"start":{"line":4,"column":9},"end":{"line":4,"column":21}},"loc":{"start":{"line":4,"column":26},"end":{"line":14,"column":1}},"line":4},"1":{"name":"(anonymous_1)","decl":{"start":{"line":5,"column":9},"end":{"line":5,"column":10}},"loc":{"start":{"line":5,"column":23},"end":{"line":13,"column":3}},"line":5},"2":{"name":"(anonymous_2)","decl":{"start":{"line":6,"column":37},"end":{"line":6,"column":38}},"loc":{"start":{"line":6,"column":55},"end":{"line":12,"column":5}},"line":6},"3":{"name":"addMovie","decl":{"start":{"line":16,"column":9},"end":{"line":16,"column":17}},"loc":{"start":{"line":16,"column":22},"end":{"line":28,"column":1}},"line":16},"4":{"name":"(anonymous_4)","decl":{"start":{"line":17,"column":9},"end":{"line":17,"column":10}},"loc":{"start":{"line":17,"column":23},"end":{"line":27,"column":3}},"line":17},"5":{"name":"(anonymous_5)","decl":{"start":{"line":22,"column":6},"end":{"line":22,"column":7}},"loc":{"start":{"line":22,"column":23},"end":{"line":25,"column":7}},"line":22},"6":{"name":"updateMovie","decl":{"start":{"line":30,"column":9},"end":{"line":30,"column":20}},"loc":{"start":{"line":30,"column":25},"end":{"line":47,"column":1}},"line":30},"7":{"name":"(anonymous_7)","decl":{"start":{"line":31,"column":9},"end":{"line":31,"column":10}},"loc":{"start":{"line":31,"column":23},"end":{"line":46,"column":3}},"line":31},"8":{"name":"(anonymous_8)","decl":{"start":{"line":36,"column":6},"end":{"line":36,"column":7}},"loc":{"start":{"line":36,"column":23},"end":{"line":44,"column":7}},"line":36},"9":{"name":"deleteMovieById","decl":{"start":{"line":49,"column":9},"end":{"line":49,"column":24}},"loc":{"start":{"line":49,"column":29},"end":{"line":63,"column":1}},"line":49},"10":{"name":"(anonymous_10)","decl":{"start":{"line":50,"column":9},"end":{"line":50,"column":10}},"loc":{"start":{"line":50,"column":23},"end":{"line":62,"column":3}},"line":50},"11":{"name":"(anonymous_11)","decl":{"start":{"line":52,"column":54},"end":{"line":52,"column":55}},"loc":{"start":{"line":52,"column":71},"end":{"line":61,"column":5}},"line":52},"12":{"name":"recommendMovie","decl":{"start":{"line":65,"column":9},"end":{"line":65,"column":23}},"loc":{"start":{"line":65,"column":28},"end":{"line":93,"column":1}},"line":65},"13":{"name":"(anonymous_13)","decl":{"start":{"line":66,"column":9},"end":{"line":66,"column":10}},"loc":{"start":{"line":66,"column":23},"end":{"line":92,"column":3}},"line":66},"14":{"name":"(anonymous_14)","decl":{"start":{"line":87,"column":28},"end":{"line":87,"column":29}},"loc":{"start":{"line":87,"column":46},"end":{"line":91,"column":5}},"line":87},"15":{"name":"(anonymous_15)","decl":{"start":{"line":96,"column":17},"end":{"line":96,"column":18}},"loc":{"start":{"line":96,"column":25},"end":{"line":104,"column":1}},"line":96}},"branchMap":{"0":{"loc":{"start":{"line":7,"column":6},"end":{"line":10,"column":7}},"type":"if","locations":[{"start":{"line":7,"column":6},"end":{"line":10,"column":7}},{"start":{},"end":{}}],"line":7},"1":{"loc":{"start":{"line":23,"column":8},"end":{"line":23,"column":61}},"type":"if","locations":[{"start":{"line":23,"column":8},"end":{"line":23,"column":61}},{"start":{},"end":{}}],"line":23},"2":{"loc":{"start":{"line":37,"column":8},"end":{"line":37,"column":74}},"type":"if","locations":[{"start":{"line":37,"column":8},"end":{"line":37,"column":74}},{"start":{},"end":{}}],"line":37},"3":{"loc":{"start":{"line":38,"column":8},"end":{"line":40,"column":1}},"type":"if","locations":[{"start":{"line":38,"column":8},"end":{"line":40,"column":1}},{"start":{},"end":{}}],"line":38},"4":{"loc":{"start":{"line":53,"column":6},"end":{"line":56,"column":7}},"type":"if","locations":[{"start":{"line":53,"column":6},"end":{"line":56,"column":7}},{"start":{},"end":{}}],"line":53},"5":{"loc":{"start":{"line":57,"column":6},"end":{"line":59,"column":7}},"type":"if","locations":[{"start":{"line":57,"column":6},"end":{"line":59,"column":7}},{"start":{},"end":{}}],"line":57},"6":{"loc":{"start":{"line":72,"column":4},"end":{"line":75,"column":5}},"type":"if","locations":[{"start":{"line":72,"column":4},"end":{"line":75,"column":5}},{"start":{},"end":{}}],"line":72},"7":{"loc":{"start":{"line":76,"column":4},"end":{"line":79,"column":5}},"type":"if","locations":[{"start":{"line":76,"column":4},"end":{"line":79,"column":5}},{"start":{},"end":{}}],"line":76},"8":{"loc":{"start":{"line":81,"column":4},"end":{"line":83,"column":5}},"type":"if","locations":[{"start":{"line":81,"column":4},"end":{"line":83,"column":5}},{"start":{},"end":{}}],"line":81},"9":{"loc":{"start":{"line":88,"column":6},"end":{"line":88,"column":59}},"type":"if","locations":[{"start":{"line":88,"column":6},"end":{"line":88,"column":59}},{"start":{},"end":{}}],"line":88},"10":{"loc":{"start":{"line":89,"column":6},"end":{"line":89,"column":91}},"type":"if","locations":[{"start":{"line":89,"column":6},"end":{"line":89,"column":91}},{"start":{},"end":{}}],"line":89}},"s":{"0":6,"1":5,"2":4,"3":4,"4":1,"5":1,"6":3,"7":3,"8":2,"9":2,"10":2,"11":0,"12":2,"13":6,"14":3,"15":3,"16":3,"17":1,"18":2,"19":1,"20":1,"21":6,"22":4,"23":4,"24":4,"25":1,"26":1,"27":3,"28":1,"29":2,"30":3,"31":0,"32":0,"33":0,"34":0,"35":0,"36":0,"37":0,"38":0,"39":0,"40":0,"41":0,"42":0,"43":0,"44":0,"45":0,"46":0,"47":0,"48":0,"49":0,"50":6,"51":3,"52":3,"53":3,"54":3,"55":3,"56":3,"57":3,"58":6,"59":6,"60":6,"61":6,"62":6},"f":{"0":5,"1":4,"2":4,"3":3,"4":2,"5":2,"6":6,"7":3,"8":3,"9":6,"10":4,"11":4,"12":3,"13":0,"14":0,"15":3},"b":{"0":[1,3],"1":[0,2],"2":[1,2],"3":[1,1],"4":[1,3],"5":[1,2],"6":[0,0],"7":[0,0],"8":[0,0],"9":[0,0],"10":[0,0]},"_coverageSchema":"1a1c01bbd47fc00a2c39e90264f33305004495a9","hash":"59da492a2d07c3bd99f568277a318f535f4671fa"}
}
