TN:
SF:server.js
FN:21,(anonymous_0)
FN:33,(anonymous_1)
FNF:2
FNH:1
FNDA:2,(anonymous_0)
FNDA:0,(anonymous_1)
DA:1,2
DA:2,2
DA:3,2
DA:4,2
DA:6,2
DA:9,2
DA:10,2
DA:11,2
DA:14,2
DA:21,2
DA:22,2
DA:23,2
DA:27,2
DA:30,2
DA:32,2
DA:33,0
DA:37,2
LF:17
LH:16
BRDA:22,0,0,0
BRDA:22,0,1,2
BRDA:30,1,0,2
BRDA:30,1,1,0
BRDA:32,2,0,0
BRDA:32,2,1,2
BRF:6
BRH:3
end_of_record
TN:
SF:routes\movies.js
FN:4,getAllMovies
FN:5,(anonymous_1)
FN:6,(anonymous_2)
FN:16,addMovie
FN:17,(anonymous_4)
FN:22,(anonymous_5)
FN:30,updateMovie
FN:31,(anonymous_7)
FN:36,(anonymous_8)
FN:49,deleteMovieById
FN:50,(anonymous_10)
FN:52,(anonymous_11)
FN:65,recommendMovie
FN:66,(anonymous_13)
FN:87,(anonymous_14)
FN:96,(anonymous_15)
FNF:16
FNH:14
FNDA:5,getAllMovies
FNDA:4,(anonymous_1)
FNDA:4,(anonymous_2)
FNDA:3,addMovie
FNDA:2,(anonymous_4)
FNDA:2,(anonymous_5)
FNDA:6,updateMovie
FNDA:3,(anonymous_7)
FNDA:3,(anonymous_8)
FNDA:6,deleteMovieById
FNDA:4,(anonymous_10)
FNDA:4,(anonymous_11)
FNDA:3,recommendMovie
FNDA:0,(anonymous_13)
FNDA:0,(anonymous_14)
FNDA:3,(anonymous_15)
DA:1,6
DA:5,5
DA:6,4
DA:7,4
DA:8,1
DA:9,1
DA:11,3
DA:17,3
DA:18,2
DA:19,2
DA:23,2
DA:24,2
DA:31,6
DA:32,3
DA:33,3
DA:37,3
DA:38,2
DA:39,1
DA:41,1
DA:50,6
DA:51,4
DA:52,4
DA:53,4
DA:54,1
DA:55,1
DA:57,3
DA:58,1
DA:60,2
DA:66,3
DA:67,0
DA:68,0
DA:69,0
DA:70,0
DA:72,0
DA:73,0
DA:74,0
DA:76,0
DA:77,0
DA:78,0
DA:81,0
DA:82,0
DA:85,0
DA:87,0
DA:88,0
DA:89,0
DA:90,0
DA:96,6
DA:97,3
DA:98,3
DA:99,3
DA:100,3
DA:101,3
DA:102,3
DA:103,3
DA:107,6
DA:108,6
DA:109,6
DA:110,6
DA:111,6
LF:59
LH:42
BRDA:7,0,0,1
BRDA:7,0,1,3
BRDA:23,1,0,0
BRDA:23,1,1,2
BRDA:37,2,0,1
BRDA:37,2,1,2
BRDA:38,3,0,1
BRDA:38,3,1,1
BRDA:53,4,0,1
BRDA:53,4,1,3
BRDA:57,5,0,1
BRDA:57,5,1,2
BRDA:72,6,0,0
BRDA:72,6,1,0
BRDA:76,7,0,0
BRDA:76,7,1,0
BRDA:81,8,0,0
BRDA:81,8,1,0
BRDA:88,9,0,0
BRDA:88,9,1,0
BRDA:89,10,0,0
BRDA:89,10,1,0
BRF:22
BRH:11
end_of_record
